Jan  1
 17 52   Sunset
 19  0   Moon      
 22 30   Jupiter   
  0  0   M42       
  3 30   M81       
  4  0   Saturn    
  6  0   Stop      
  6 59   Sunrise

Jan  2
 17 52   Sunset
 19  0   Moon      
 23 30   Jupiter   
  0  0   M42       
  3 30   Saturn    
  6  0   Stop      
  6 59   Sunrise

Jan  3
 17 53   Sunset
 19  0   Moon      
  0  0   M42       
  3 30   Saturn    
  6  0   Stop      
  7  0   Sunrise

Jan  4
 17 54   Sunset
 19  0   Moon      
  1  0   M42       
  3 30   Saturn    
  6  0   Stop      
  7  0   Sunrise

Jan  5
 17 54   Sunset
 19  0   Moon      
  1 30   M42       
  3 30   Saturn    
  6  0   Stop      
  7  0   Sunrise

Jan  6
 17 55   Sunset
 19  0   Moon      
  2 30   M42       
  3  0   M81       
  3 30   Saturn    
  6  0   Stop      
  7  1   Sunrise

Jan  7
 17 55   Sunset
 19  0   Moon      
  3 30   Saturn    
  6  0   Stop      
  7  1   Sunrise

Jan  8
 17 56   Sunset
 19  0   Jupiter   
 20  0   Moon      
  4  0   Saturn    
  6  0   Stop      
  7  1   Sunrise

Jan  9
 17 57   Sunset
 19  0   Jupiter   
 20 30   Moon      
  5  0   Saturn    
  6  0   Stop      
  7  1   Sunrise

Jan 10
 17 57   Sunset
 19  0   Jupiter   
 21 30   Moon      
  6  0   Stop      
  7  1   Sunrise

Jan 11
 17 58   Sunset
 19  0   Jupiter   
 22 30   Moon      
  6  0   Stop      
  7  2   Sunrise

Jan 12
 17 59   Sunset
 19  0   Jupiter   
 23  0   Moon      
  6  0   Stop      
  7  2   Sunrise

Jan 13
 17 59   Sunset
 19  0   Jupiter   
 23  0   M42       
  0  0   Moon      
  6  0   Stop      
  7  2   Sunrise

Jan 14
 18  0   Sunset
 19  0   Jupiter   
 23  0   M42       
  1  0   Moon      
  6  0   Stop      
  7  2   Sunrise

Jan 15
 18  1   Sunset
 19  0   Jupiter   
 23  0   M42       
  1 30   Moon      
  6  0   Stop      
  7  2   Sunrise

Jan 16
 18  2   Sunset
 19  0   Jupiter   
 23  0   M42       
  2 30   Moon      
  6  0   Stop      
  7  2   Sunrise

Jan 17
 18  2   Sunset
 19  0   Jupiter   
 23  0   M42       
  2 30   M81       
  3  0   Saturn    
  3 30   Moon      
  6  0   Stop      
  7  2   Sunrise

Jan 18
 18  3   Sunset
 19  0   Jupiter   
 23  0   M42       
  2 30   Saturn    
  4 30   Moon      
  6  0   Stop      
  7  2   Sunrise

Jan 19
 18  4   Sunset
 19  0   Jupiter   
 23  0   M42       
  2 30   Saturn    
  5 30   Moon      
  6  0   Stop      
  7  2   Sunrise

Jan 20
 18  4   Sunset
 19  0   Jupiter   
 22 30   M42       
  2 30   Saturn    
  6  0   Stop      
  7  2   Sunrise

Jan 21
 18  5   Sunset
 19  0   Jupiter   
 22 30   M42       
  2 30   Saturn    
  6  0   Stop      
  7  2   Sunrise

Jan 22
 18  6   Sunset
 19  0   Jupiter   
 22 30   M42       
  2  0   M81       
  2 30   Saturn    
  6  0   Stop      
  7  2   Sunrise

Jan 23
 18  6   Sunset
 19  0   Jupiter   
 22 30   M42       
  2  0   M81       
  2 30   Saturn    
  6  0   Stop      
  7  2   Sunrise

Jan 24
 18  7   Sunset
 19  0   Jupiter   
 22 30   M42       
  2  0   M81       
  2 30   Saturn    
  6  0   Stop      
  7  1   Sunrise

Jan 25
 18  8   Sunset
 19  0   Jupiter   
 22 30   M42       
  2  0   M81       
  2 30   Saturn    
  6  0   Stop      
  7  1   Sunrise

Jan 26
 18  8   Sunset
 19  0   Jupiter   
 22 30   M42       
  2  0   Saturn    
  6  0   Stop      
  7  1   Sunrise

Jan 27
 18  9   Sunset
 19  0   Jupiter   
 22 30   M42       
  2  0   Saturn    
  6  0   Stop      
  7  1   Sunrise

Jan 28
 18  9   Sunset
 19  0   Moon      
 20 30   Jupiter   
 22 30   M42       
  2  0   Saturn    
  6  0   Stop      
  7  1   Sunrise

Jan 29
 18 10   Sunset
 19  0   Moon      
 21  0   Jupiter   
 22  0   M42       
  1 30   M81       
  2  0   Saturn    
  6  0   Stop      
  7  0   Sunrise

Jan 30
 18 11   Sunset
 19  0   Moon      
 22  0   M42       
  1 30   M81       
  2  0   Saturn    
  6  0   Stop      
  7  0   Sunrise

Jan 31
 18 11   Sunset
 19  0   Moon      
 22 30   M42       
  1 30   M81       
  2  0   Saturn    
  6  0   Stop      
  7  0   Sunrise

Feb  1
 18 12   Sunset
 19  0   Moon      
 23 30   M42       
  1 30   M81       
  2  0   Saturn    
  6  0   Stop      
  6 59   Sunrise

Feb  2
 18 13   Sunset
 19  0   Moon      
  0 30   M42       
  1 30   M81       
  2  0   Saturn    
  6  0   Stop      
  6 59   Sunrise

Feb  3
 18 13   Sunset
 19  0   Moon      
  1  0   M42       
  1 30   Saturn    
  6  0   Stop      
  6 59   Sunrise

Feb  4
 18 14   Sunset
 19  0   Moon      
  2  0   Saturn    
  6  0   Stop      
  6 58   Sunrise

Feb  5
 18 14   Sunset
 19  0   Moon      
  3  0   Saturn    
  6  0   Stop      
  6 58   Sunrise

Feb  6
 18 15   Sunset
 19 30   Moon      
  3 30   Saturn    
  6  0   Stop      
  6 58   Sunrise

Feb  7
 18 16   Sunset
 19 30   Jupiter   
 20 30   Moon      
  4 30   Saturn    
  6  0   Stop      
  6 57   Sunrise

Feb  8
 18 16   Sunset
 19 30   Jupiter   
 21  0   Moon      
  5 30   Saturn    
  6  0   Stop      
  6 57   Sunrise

Feb  9
 18 17   Sunset
 19 30   Jupiter   
 21 30   M42       
 22  0   Moon      
  6  0   Stop      
  6 56   Sunrise

Feb 10
 18 17   Sunset
 19 30   Jupiter   
 21 30   M42       
 23  0   Moon      
  6  0   Stop      
  6 56   Sunrise

Feb 11
 18 18   Sunset
 19 30   Jupiter   
 21 30   M42       
 23 30   Moon      
  6  0   Stop      
  6 55   Sunrise

Feb 12
 18 18   Sunset
 19 30   Jupiter   
 21 30   M42       
  0 30   Moon      
  6  0   Stop      
  6 55   Sunrise

Feb 13
 18 19   Sunset
 19 30   Jupiter   
 21 30   M42       
  1  0   Saturn    
  1 30   Moon      
  6  0   Stop      
  6 54   Sunrise

Feb 14
 18 19   Sunset
 19 30   Jupiter   
 21 30   M42       
  0 30   M81       
  1  0   Saturn    
  2 30   Moon      
  6  0   Stop      
  6 54   Sunrise

Feb 15
 18 20   Sunset
 19 30   Jupiter   
 21  0   M42       
  0 30   M81       
  1  0   Saturn    
  3 30   Moon      
  6  0   Stop      
  6 53   Sunrise

Feb 16
 18 20   Sunset
 19 30   Jupiter   
 21  0   M42       
  0 30   M81       
  1  0   Saturn    
  4 30   Moon      
  6  0   Stop      
  6 52   Sunrise

Feb 17
 18 21   Sunset
 19 30   Jupiter   
 21  0   M42       
  0 30   M81       
  1  0   Saturn    
  5 30   Moon      
  6  0   Stop      
  6 52   Sunrise

Feb 18
 18 21   Sunset
 19 30   Jupiter   
 21  0   M42       
  0 30   Saturn    
  6  0   Stop      
  6 51   Sunrise

Feb 19
 18 22   Sunset
 19 30   Jupiter   
 21  0   M42       
  0 30   Saturn    
  6  0   Stop      
  6 51   Sunrise

Feb 20
 18 22   Sunset
 19 30   Jupiter   
 21  0   M42       
  0 30   Saturn    
  6  0   Stop      
  6 50   Sunrise

Feb 21
 18 23   Sunset
 19 30   Jupiter   
 21  0   M42       
  0  0   M81       
  0 30   Saturn    
  6  0   Stop      
  6 49   Sunrise

Feb 22
 18 23   Sunset
 19 30   Jupiter   
 21  0   M42       
  0  0   M81       
  0 30   Saturn    
  6  0   Stop      
  6 49   Sunrise

Feb 23
 18 24   Sunset
 19 30   Jupiter   
 21  0   M42       
  0  0   M81       
  0 30   Saturn    
  6  0   Stop      
  6 48   Sunrise

Feb 24
 18 24   Sunset
 19 30   Jupiter   
 20 30   M42       
  0  0   M81       
  0 30   Saturn    
  6  0   Stop      
  6 47   Sunrise

Feb 25
 18 25   Sunset
 19 30   Jupiter   
 20 30   M42       
  0  0   Saturn    
  6  0   Stop      
  6 46   Sunrise

Feb 26
 18 25   Sunset
 19 30   Moon      
 20  0   Jupiter   
 20 30   M42       
  0  0   Saturn    
  6  0   Stop      
  6 46   Sunrise

Feb 27
 18 25   Sunset
 19 30   Moon      
 20 30   M42       
  0  0   Saturn    
  5 30   Stop      
  6 45   Sunrise

Feb 28
 18 26   Sunset
 19 30   Moon      
 21 30   M42       
  0  0   Saturn    
  5 30   Stop      
  6 44   Sunrise

Feb 29
 18 26   Sunset
 19 30   Moon      
 22  0   M42       
 23 30   M81       
  0  0   Saturn    
  5 30   Stop      
  6 43   Sunrise

Mar  1
 18 27   Sunset
 19 30   Moon      
 23  0   M42       
 23 30   M81       
  0  0   Saturn    
  5 30   Stop      
  6 43   Sunrise

Mar  2
 18 27   Sunset
 19 30   Moon      
  0  0   Saturn    
  5 30   Stop      
  6 42   Sunrise

Mar  3
 18 27   Sunset
 19 30   Moon      
  0 30   Saturn    
  5 30   Stop      
  6 41   Sunrise

Mar  4
 18 28   Sunset
 19 30   Moon      
  1 30   Saturn    
  5 30   Stop      
  6 40   Sunrise

Mar  5
 18 28   Sunset
 19 30   Moon      
  2 30   Saturn    
  5 30   Stop      
  6 39   Sunrise

Mar  6
 18 29   Sunset
 19 30   Moon      
  3  0   Saturn    
  5 30   Stop      
  6 39   Sunrise

Mar  7
 18 29   Sunset
 19 30   Moon      
  4  0   Saturn    
  5 30   Stop      
  6 38   Sunrise

Mar  8
 18 29   Sunset
 19 30   Jupiter   
 20  0   M42       
 20 30   Moon      
  5  0   Saturn    
  5 30   Stop      
  6 37   Sunrise

Mar  9
 18 30   Sunset
 19 30   Jupiter   
 20  0   M42       
 21 30   Moon      
  5 30   Stop      
  6 36   Sunrise

Mar 10
 18 30   Sunset
 19 30   Jupiter   
 20  0   M42       
 22 30   Moon      
  5 30   Stop      
  6 35   Sunrise

Mar 11
 18 30   Sunset
 19 30   Jupiter   
 20  0   M42       
 23  0   Saturn    
 23 30   Moon      
  5 30   Stop      
  6 34   Sunrise

Mar 12
 18 31   Sunset
 19 30   Jupiter   
 20  0   M42       
 23  0   Saturn    
  0 30   Moon      
  5 30   Stop      
  6 33   Sunrise

Mar 13
 18 31   Sunset
 19 30   Jupiter   
 20  0   M42       
 23  0   Saturn    
  1 30   Moon      
  5 30   Stop      
  6 33   Sunrise

Mar 14
 18 31   Sunset
 19 30   M42       
 23  0   Saturn    
  2  0   Moon      
  5 30   Stop      
  6 32   Sunrise

Mar 15
 18 32   Sunset
 19 30   M42       
 22 30   M81       
 23  0   Saturn    
  3  0   Moon      
  5 30   Stop      
  6 31   Sunrise

Mar 16
 18 32   Sunset
 19 30   M42       
 22 30   M81       
 23  0   Saturn    
  4  0   Moon      
  5 30   Stop      
  6 30   Sunrise

Mar 17
 18 32   Sunset
 19 30   M42       
 22 30   M81       
 23  0   Saturn    
  5  0   Moon      
  5 30   Stop      
  6 29   Sunrise

Mar 18
 18 35   Sunset
 19 30   M42       
 22 30   Saturn    
  5 30   Stop      
  6 26   Sunrise

Mar 19
 18 34   Sunset
 19 30   M42       
 22 30   Saturn    
  5 30   Stop      
  6 26   Sunrise

Mar 20
 18 33   Sunset
 19 30   M42       
 22 30   Saturn    
  5 30   Stop      
  6 26   Sunrise

Mar 21
 18 34   Sunset
 19 30   M42       
 22 30   Saturn    
  5 30   Stop      
  6 26   Sunrise

Mar 22
 18 34   Sunset
 19 30   M42       
 22 30   Saturn    
  5 30   Stop      
  6 25   Sunrise

Mar 23
 18 38   Sunset
 19 30   M42       
 22  0   M81       
 22 30   Saturn    
  5 30   Stop      
  6 28   Sunrise

Mar 24
 18 38   Sunset
 19 30   M42       
 22  0   M81       
 22 30   Saturn    
  5 30   Stop      
  6 27   Sunrise

Mar 25
 18 39   Sunset
 19 30   M42       
 22  0   Saturn    
  5 30   Stop      
  6 26   Sunrise

Mar 26
 18 39   Sunset
 19 30   M42       
 22  0   Saturn    
  5 30   Stop      
  6 25   Sunrise

Mar 27
 18 39   Sunset
 19 30   Moon      
 20  0   M42       
 22  0   Saturn    
  5 30   Stop      
  6 24   Sunrise

Mar 28
 18 40   Sunset
 19 30   Moon      
 21  0   M42       
 22  0   Saturn    
  5 30   Stop      
  6 23   Sunrise

Mar 29
 18 40   Sunset
 19 30   Moon      
 21 30   M42       
 22  0   Saturn    
  5 30   Stop      
  6 22   Sunrise

Mar 30
 18 40   Sunset
 19 30   Moon      
 22 30   Saturn    
  5 30   Stop      
  6 21   Sunrise

Mar 31
 18 40   Sunset
 19 30   Moon      
 23 30   Saturn    
  5 30   Stop      
  6 20   Sunrise

Apr  1
 18 41   Sunset
 19 30   Moon      
  0  0   Saturn    
  5 30   Stop      
  6 20   Sunrise

Apr  2
 18 41   Sunset
 19 30   Moon      
  1  0   Saturn    
  5 30   Stop      
  6 19   Sunrise

Apr  3
 18 41   Sunset
 19 30   Moon      
  2  0   Saturn    
  5 30   Stop      
  6 18   Sunrise

Apr  4
 18 42   Sunset
 19 30   Moon      
  2 30   Saturn    
  5 30   Stop      
  6 17   Sunrise

Apr  5
 18 42   Sunset
 19 30   Moon      
  3 30   Saturn    
  5 30   Stop      
  6 16   Sunrise

Apr  6
 18 42   Sunset
 19 30   M42       
 20  0   Moon      
  4 30   Saturn    
  5  0   Stop      
  6 15   Sunrise

Apr  7
 18 42   Sunset
 19 30   M42       
 21  0   Moon      
  5  0   Stop      
  6 14   Sunrise

Apr  8
 18 43   Sunset
 19 30   M42       
 21  0   M81       
 21 30   Saturn    
 22  0   Moon      
  5  0   Stop      
  6 13   Sunrise

Apr  9
 18 43   Sunset
 19 30   M42       
 21  0   Saturn    
 23  0   Moon      
  5  0   Stop      
  6 13   Sunrise

Apr 10
 18 43   Sunset
 19 30   M42       
 21  0   Saturn    
  0  0   Moon      
  5  0   Stop      
  6 12   Sunrise

Apr 11
 18 44   Sunset
 19 30   M42       
 21  0   Saturn    
  1  0   Moon      
  5  0   Stop      
  6 11   Sunrise

Apr 12
 18 44   Sunset
 19 30   M42       
 21  0   Saturn    
  2  0   Moon      
  5  0   Stop      
  6 10   Sunrise

Apr 13
 18 44   Sunset
 19 30   M42       
 21  0   Saturn    
  3  0   Moon      
  5  0   Stop      
  6  9   Sunrise

Apr 14
 18 45   Sunset
 20  0   M42       
 21  0   Saturn    
  4  0   Moon      
  5  0   Stop      
  6  8   Sunrise

Apr 15
 18 45   Sunset
 20  0   M42       
 20 30   M81       
 21  0   Saturn    
  4 30   Moon      
  5  0   Stop      
  6  8   Sunrise

Apr 16
 18 45   Sunset
 20  0   M42       
 20 30   Saturn    
  4 30   M13       
  5  0   Stop      
  6  7   Sunrise

Apr 17
 18 46   Sunset
 20  0   M42       
 20 30   Saturn    
  4 30   M13       
  5  0   Stop      
  6  6   Sunrise

Apr 18
 18 46   Sunset
 20  0   M42       
 20 30   Saturn    
  4 30   M13       
  5  0   Stop      
  6  5   Sunrise

Apr 19
 18 46   Sunset
 20  0   M42       
 20 30   Saturn    
  4 30   M13       
  5  0   Stop      
  6  5   Sunrise

Apr 20
 18 47   Sunset
 20  0   M42       
 20 30   Saturn    
  4 30   M13       
  5  0   Stop      
  6  4   Sunrise

Apr 21
 18 47   Sunset
 20  0   M42       
 20 30   Saturn    
  4 30   M13       
  5  0   Stop      
  6  3   Sunrise

Apr 22
 18 47   Sunset
 20  0   M81       
 20 30   Saturn    
  4 30   M13       
  5  0   Stop      
  6  2   Sunrise

Apr 23
 18 48   Sunset
 20  0   Saturn    
  4  0   M13       
  5  0   Stop      
  6  2   Sunrise

Apr 24
 18 48   Sunset
 20  0   Saturn    
  4  0   M13       
  5  0   Stop      
  6  1   Sunrise

Apr 25
 18 48   Sunset
 20  0   Saturn    
  4  0   M13       
  5  0   Stop      
  6  0   Sunrise

Apr 26
 18 49   Sunset
 20  0   Moon      
 20 30   Saturn    
  4  0   M13       
  5  0   Stop      
  5 59   Sunrise

Apr 27
 18 49   Sunset
 20  0   Moon      
 21  0   Saturn    
  4  0   M13       
  5  0   Stop      
  5 59   Sunrise

Apr 28
 18 49   Sunset
 20  0   Moon      
 22  0   Saturn    
  4  0   M13       
  5  0   Stop      
  5 58   Sunrise

Apr 29
 18 50   Sunset
 20  0   Moon      
 23  0   Saturn    
  4  0   M13       
  5  0   Stop      
  5 58   Sunrise

Apr 30
 18 50   Sunset
 20  0   Moon      
 23 30   Saturn    
  3 30   M13       
  5  0   Stop      
  5 57   Sunrise

May  1
 18 51   Sunset
 20  0   Moon      
  0 30   Saturn    
  3 30   M13       
  5  0   Stop      
  5 56   Sunrise

May  2
 18 51   Sunset
 20  0   Moon      
  1 30   Saturn    
  3 30   M13       
  5  0   Stop      
  5 56   Sunrise

May  3
 18 51   Sunset
 20  0   Moon      
  2  0   Saturn    
  3 30   M13       
  5  0   Stop      
  5 55   Sunrise

May  4
 18 52   Sunset
 20  0   Moon      
  3  0   Saturn    
  3 30   M13       
  5  0   Stop      
  5 54   Sunrise

May  5
 18 52   Sunset
 20  0   Moon      
  4  0   M13       
  5  0   Stop      
  5 54   Sunrise

May  6
 18 52   Sunset
 20  0   Saturn    
 20 30   Moon      
  5  0   Stop      
  5 53   Sunrise

May  7
 18 53   Sunset
 20  0   Saturn    
 21 30   Moon      
  5  0   Stop      
  5 53   Sunrise

May  8
 18 53   Sunset
 20  0   Saturn    
 23  0   Moon      
  5  0   Stop      
  5 52   Sunrise

May  9
 18 54   Sunset
 20  0   Saturn    
  0  0   Moon      
  5  0   Stop      
  5 52   Sunrise

May 10
 18 54   Sunset
 20  0   Saturn    
  1  0   Moon      
  5  0   Stop      
  5 51   Sunrise

May 11
 18 54   Sunset
 20  0   Saturn    
  1 30   Moon      
  5  0   Stop      
  5 51   Sunrise

May 12
 18 55   Sunset
 20  0   Saturn    
  2 30   Moon      
  5  0   Stop      
  5 50   Sunrise

May 13
 18 55   Sunset
 20  0   Saturn    
  3  0   M13       
  3 30   Moon      
  5  0   Stop      
  5 50   Sunrise

May 14
 18 56   Sunset
 20  0   Saturn    
  2 30   M13       
  4  0   Moon      
  5  0   Stop      
  5 50   Sunrise

May 15
 18 56   Sunset
 20  0   Saturn    
  2 30   M13       
  4 30   Moon      
  5  0   Stop      
  5 49   Sunrise

May 16
 18 56   Sunset
 20  0   Saturn    
  2 30   M13       
  5  0   Stop      
  5 49   Sunrise

May 17
 18 57   Sunset
 20  0   Saturn    
  2 30   M13       
  5  0   Stop      
  5 48   Sunrise

May 18
 18 57   Sunset
 20  0   Saturn    
  2 30   M13       
  5  0   Stop      
  5 48   Sunrise

May 19
 18 58   Sunset
 20  0   Saturn    
  2 30   M13       
  5  0   Stop      
  5 48   Sunrise

May 20
 18 58   Sunset
 20  0   Saturn    
  2 30   M13       
  5  0   Stop      
  5 47   Sunrise

May 21
 18 59   Sunset
 20  0   Saturn    
  2 30   M13       
  5  0   Stop      
  5 47   Sunrise

May 22
 18 59   Sunset
 20  0   Saturn    
  2  0   M13       
  5  0   Stop      
  5 47   Sunrise

May 23
 18 59   Sunset
 20  0   Saturn    
  2  0   M13       
  5  0   Stop      
  5 47   Sunrise

May 24
 19  0   Sunset
 20  0   Saturn    
  2  0   M13       
  5  0   Stop      
  5 46   Sunrise

May 25
 19  0   Sunset
 20  0   Saturn    
  2  0   M13       
  5  0   Stop      
  5 46   Sunrise

May 26
 19  1   Sunset
 20  0   Moon      
 21  0   Saturn    
  2  0   M13       
  5  0   Stop      
  5 46   Sunrise

May 27
 19  1   Sunset
 20  0   Moon      
 21 30   Saturn    
  2  0   M13       
  5  0   Stop      
  5 46   Sunrise

May 28
 19  1   Sunset
 20  0   Moon      
 22 30   Saturn    
  2  0   M13       
  5  0   Stop      
  5 46   Sunrise

May 29
 19  2   Sunset
 20  0   Moon      
 23  0   Saturn    
  1 30   M13       
  4 30   Stop      
  5 45   Sunrise

May 30
 19  2   Sunset
 20  0   Moon      
  0  0   Saturn    
  1 30   M13       
  4 30   Stop      
  5 45   Sunrise

May 31
 19  3   Sunset
 20  0   Moon      
  1  0   Saturn    
  1 30   M13       
  4 30   Stop      
  5 45   Sunrise

Jun  1
 19  3   Sunset
 20  0   Moon      
  2  0   M13       
  4 30   Stop      
  5 45   Sunrise

Jun  2
 19  3   Sunset
 20  0   Moon      
  2 30   M13       
  4 30   Stop      
  5 45   Sunrise

Jun  3
 19  4   Sunset
 20  0   Moon      
  4  0   M13       
  4 30   Stop      
  5 45   Sunrise

Jun  4
 19  4   Sunset
 20  0   Saturn    
 20 30   Moon      
  4 30   Stop      
  5 45   Sunrise

Jun  5
 19  5   Sunset
 20  0   Saturn    
 21 30   Moon      
  4 30   Stop      
  5 45   Sunrise

Jun  6
 19  5   Sunset
 20  0   Saturn    
 22 30   Moon      
  4 30   Stop      
  5 45   Sunrise

Jun  7
 19  5   Sunset
 20  0   Saturn    
 23 30   Moon      
  4 30   Stop      
  5 45   Sunrise

Jun  8
 19  6   Sunset
 20  0   Saturn    
  0 30   Moon      
  4 30   Stop      
  5 45   Sunrise

Jun  9
 19  6   Sunset
 20  0   Saturn    
  1  0   Moon      
  4 30   Stop      
  5 45   Sunrise

Jun 10
 19  6   Sunset
 20  0   Saturn    
  1  0   M13       
  2  0   Moon      
  4 30   Stop      
  5 45   Sunrise

Jun 11
 19  7   Sunset
 20  0   Saturn    
  1  0   M13       
  2 30   Moon      
  4 30   Stop      
  5 45   Sunrise

Jun 12
 19  7   Sunset
 20  0   Saturn    
  1  0   M13       
  3 30   Moon      
  4 30   Stop      
  5 45   Sunrise

Jun 13
 19  7   Sunset
 20  0   Saturn    
  0 30   M13       
  4  0   Moon      
  4 30   Stop      
  5 45   Sunrise

Jun 14
 19  8   Sunset
 20  0   Saturn    
  0 30   M13       
  4  0   M57       
  4 30   Stop      
  5 45   Sunrise

Jun 15
 19  8   Sunset
 20  0   Saturn    
  0 30   M13       
  4  0   M57       
  4 30   Stop      
  5 45   Sunrise

Jun 16
 19  8   Sunset
 20  0   Saturn    
  0 30   M13       
  3 30   M57       
  5  0   Stop      
  5 46   Sunrise

Jun 17
 19  9   Sunset
 20  0   Saturn    
  0 30   M13       
  3 30   M57       
  5  0   Stop      
  5 46   Sunrise

Jun 18
 19  9   Sunset
 20  0   Saturn    
  0 30   M13       
  3 30   M57       
  5  0   Stop      
  5 46   Sunrise

Jun 19
 19  9   Sunset
 20  0   Saturn    
  0 30   M13       
  3 30   M57       
  5  0   Stop      
  5 46   Sunrise

Jun 20
 19  9   Sunset
 20  0   Saturn    
  0  0   M13       
  3 30   M57       
  5  0   Stop      
  5 46   Sunrise

Jun 21
 19  9   Sunset
 20  0   Saturn    
  0  0   M13       
  3 30   M57       
  5  0   Stop      
  5 47   Sunrise

Jun 22
 19 10   Sunset
 20  0   Saturn    
  0  0   M13       
  3 30   M57       
  5  0   Stop      
  5 47   Sunrise

Jun 23
 19 10   Sunset
 20  0   Saturn    
  0  0   M13       
  3 30   M57       
  5  0   Stop      
  5 47   Sunrise

Jun 24
 19 10   Sunset
 20  0   Moon      
 20 30   Saturn    
  0  0   M13       
  3  0   M57       
  5  0   Stop      
  5 47   Sunrise

Jun 25
 19 10   Sunset
 20  0   Moon      
 21  0   Saturn    
  0  0   M13       
  3  0   M57       
  5  0   Stop      
  5 48   Sunrise

Jun 26
 19 10   Sunset
 20  0   Moon      
 22  0   Saturn    
  0  0   M13       
  3  0   M57       
  5  0   Stop      
  5 48   Sunrise

Jun 27
 19 11   Sunset
 20  0   Moon      
 22 30   Saturn    
  0  0   M13       
  3  0   M57       
  5  0   Stop      
  5 48   Sunrise

Jun 28
 19 11   Sunset
 20  0   Moon      
 23 30   M13       
  3  0   M57       
  5  0   Stop      
  5 48   Sunrise

Jun 29
 19 11   Sunset
 20  0   Moon      
  0 30   M13       
  3  0   M57       
  5  0   Stop      
  5 49   Sunrise

Jun 30
 19 11   Sunset
 20  0   Moon      
  1 30   M13       
  3  0   M57       
  5  0   Stop      
  5 49   Sunrise

Jul  1
 19 11   Sunset
 20  0   Moon      
  2 30   M57       
  5  0   Stop      
  5 49   Sunrise

Jul  2
 19 11   Sunset
 20  0   Moon      
  3 30   M57       
  5  0   Stop      
  5 50   Sunrise

Jul  3
 19 11   Sunset
 20  0   Moon      
  4 30   M57       
  5  0   Stop      
  5 50   Sunrise

Jul  4
 19 11   Sunset
 20  0   Saturn    
 21  0   Moon      
  5  0   Stop      
  5 50   Sunrise

Jul  5
 19 11   Sunset
 20  0   Saturn    
 22  0   Moon      
  5  0   Stop      
  5 51   Sunrise

Jul  6
 19 11   Sunset
 20  0   Saturn    
 23  0   Moon      
  5  0   Stop      
  5 51   Sunrise

Jul  7
 19 11   Sunset
 20  0   Saturn    
 23  0   M13       
  0  0   Moon      
  5  0   Stop      
  5 51   Sunrise

Jul  8
 19 11   Sunset
 20  0   Saturn    
 23  0   M13       
  0 30   Moon      
  5  0   Stop      
  5 52   Sunrise

Jul  9
 19 11   Sunset
 20  0   Saturn    
 23  0   M13       
  1 30   Moon      
  5  0   Stop      
  5 52   Sunrise

Jul 10
 19 11   Sunset
 20  0   Saturn    
 23  0   M13       
  2  0   Moon      
  5  0   Stop      
  5 52   Sunrise

Jul 11
 19 11   Sunset
 20  0   Saturn    
 23  0   M13       
  2  0   M57       
  3  0   Moon      
  5  0   Stop      
  5 53   Sunrise

Jul 12
 19 11   Sunset
 20  0   Saturn    
 23  0   M13       
  2  0   M57       
  3 30   Moon      
  5  0   Stop      
  5 53   Sunrise

Jul 13
 19 10   Sunset
 20  0   Saturn    
 22 30   M13       
  2  0   M57       
  4  0   M15       
  4 30   Moon      
  5  0   Stop      
  5 54   Sunrise

Jul 14
 19 10   Sunset
 20  0   Saturn    
 22 30   M13       
  2  0   M57       
  4  0   M15       
  5  0   Stop      
  5 54   Sunrise

Jul 15
 19 10   Sunset
 20  0   Saturn    
 22 30   M13       
  2  0   M57       
  4  0   M15       
  5  0   Stop      
  5 54   Sunrise

Jul 16
 19 10   Sunset
 20  0   Saturn    
 22 30   M13       
  2  0   M57       
  4  0   M15       
  5  0   Stop      
  5 55   Sunrise

Jul 17
 19 10   Sunset
 20  0   Saturn    
 22 30   M13       
  1 30   M57       
  4  0   M15       
  5  0   Stop      
  5 55   Sunrise

Jul 18
 19 10   Sunset
 20  0   Saturn    
 22 30   M13       
  1 30   M57       
  4  0   M15       
  5  0   Stop      
  5 55   Sunrise

Jul 19
 19  9   Sunset
 20  0   Saturn    
 22 30   M13       
  1 30   M57       
  4  0   M15       
  5  0   Stop      
  5 56   Sunrise

Jul 20
 19  9   Sunset
 20  0   Saturn    
 22 30   M13       
  1 30   M57       
  3 30   M15       
  5  0   Stop      
  5 56   Sunrise

Jul 21
 19  9   Sunset
 20  0   Saturn    
 22  0   M13       
  1 30   M57       
  3 30   M15       
  4 30   M31       
  5  0   Stop      
  5 57   Sunrise

Jul 22
 19  8   Sunset
 20  0   Saturn    
 22  0   M13       
  1 30   M57       
  3 30   M15       
  4 30   M31       
  5  0   Stop      
  5 57   Sunrise

Jul 23
 19  8   Sunset
 20  0   Saturn    
 22  0   M13       
  1 30   M57       
  3 30   M15       
  4 30   M31       
  5  0   Stop      
  5 57   Sunrise

Jul 24
 19  8   Sunset
 20  0   Moon      
 20 30   Saturn    
 22  0   M13       
  1  0   M57       
  3 30   M15       
  4 30   M31       
  5  0   Stop      
  5 58   Sunrise

Jul 25
 19  7   Sunset
 20  0   Moon      
 21 30   Saturn    
 22  0   M13       
  1  0   M57       
  3 30   M15       
  4 30   M31       
  5  0   Stop      
  5 58   Sunrise

Jul 26
 19  7   Sunset
 20  0   Moon      
 22 30   M13       
  1  0   M57       
  3 30   M15       
  4 30   M31       
  5  0   Stop      
  5 59   Sunrise

Jul 27
 19  7   Sunset
 20  0   Moon      
 23 30   M13       
  1  0   M57       
  3  0   M15       
  4 30   M31       
  5  0   Stop      
  5 59   Sunrise

Jul 28
 19  6   Sunset
 20  0   Moon      
  0 30   M13       
  1  0   M57       
  3  0   M15       
  4  0   M31       
  5  0   Stop      
  5 59   Sunrise

Jul 29
 19  6   Sunset
 20  0   Moon      
  1 30   M57       
  3  0   M15       
  4  0   M31       
  4 30   Jupiter   
  5  0   Stop      
  6  0   Sunrise

Jul 30
 19  5   Sunset
 20  0   Moon      
  2 30   M57       
  3  0   M15       
  4  0   M31       
  4 30   Jupiter   
  5  0   Stop      
  6  0   Sunrise

Jul 31
 19  5   Sunset
 20  0   Moon      
  3 30   M15       
  4  0   M31       
  4 30   Jupiter   
  5  0   Stop      
  6  0   Sunrise

Aug  1
 19  4   Sunset
 20  0   Moon      
  4  0   M31       
  4 30   Jupiter   
  5  0   Stop      
  6  1   Sunrise

Aug  2
 19  4   Sunset
 20  0   Saturn    
 21  0   Moon      
  4  0   M31       
  4 30   Jupiter   
  5  0   Stop      
  6  1   Sunrise

Aug  3
 19  3   Sunset
 20  0   Saturn    
 21 30   Moon      
  4  0   M31       
  4 30   Jupiter   
  5  0   Stop      
  6  1   Sunrise

Aug  4
 19  3   Sunset
 20  0   Saturn    
 21 30   M13       
 22 30   Moon      
  4  0   M31       
  4 30   Jupiter   
  5  0   Stop      
  6  2   Sunrise

Aug  5
 19  2   Sunset
 20  0   Saturn    
 21 30   M13       
 23  0   Moon      
  3 30   M31       
  4 30   Jupiter   
  5  0   Stop      
  6  2   Sunrise

Aug  6
 19  2   Sunset
 20  0   Saturn    
 21  0   M13       
  0  0   Moon      
  5  0   Stop      
  6  3   Sunrise

Aug  7
 19  1   Sunset
 20  0   Saturn    
 21  0   M13       
  0 30   Moon      
  5  0   Stop      
  6  3   Sunrise

Aug  8
 19  1   Sunset
 20  0   Saturn    
 21  0   M13       
  0  0   M57       
  1 30   Moon      
  5  0   Stop      
  6  3   Sunrise

Aug  9
 19  0   Sunset
 20  0   Saturn    
 21  0   M13       
  0  0   M57       
  2  0   Moon      
  5  0   Stop      
  6  4   Sunrise

Aug 10
 18 59   Sunset
 20  0   Saturn    
 21  0   M13       
  0  0   M57       
  2 30   M15       
  3  0   Moon      
  5  0   Stop      
  6  4   Sunrise

Aug 11
 18 59   Sunset
 20  0   Saturn    
 21  0   M13       
  0  0   M57       
  2  0   M15       
  3 30   M31       
  4  0   Moon      
  5  0   Stop      
  6  4   Sunrise

Aug 12
 18 58   Sunset
 20  0   Saturn    
 21  0   M13       
  0  0   M57       
  2  0   M15       
  3 30   M31       
  4  0   Jupiter   
  4 30   Moon      
  5  0   Stop      
  6  5   Sunrise

Aug 13
 18 57   Sunset
 20  0   Saturn    
 21  0   M13       
  0  0   M57       
  2  0   M15       
  3  0   M31       
  4  0   Jupiter   
  5  0   Stop      
  6  5   Sunrise

Aug 14
 18 57   Sunset
 20  0   Saturn    
 20 30   M13       
  0  0   M57       
  2  0   M15       
  3  0   M31       
  4  0   Jupiter   
  5  0   Stop      
  6  5   Sunrise

Aug 15
 18 56   Sunset
 20  0   Saturn    
 20 30   M13       
  0  0   M57       
  2  0   M15       
  3  0   M31       
  4  0   Jupiter   
  5  0   Stop      
  6  6   Sunrise

Aug 16
 18 55   Sunset
 20  0   Saturn    
 20 30   M13       
 23 30   M57       
  2  0   M15       
  3  0   M31       
  3 30   Jupiter   
  5  0   Stop      
  6  6   Sunrise

Aug 17
 18 55   Sunset
 20  0   Saturn    
 20 30   M13       
 23 30   M57       
  2  0   M15       
  3  0   M31       
  3 30   Jupiter   
  5  0   Stop      
  6  6   Sunrise

Aug 18
 18 54   Sunset
 20  0   Saturn    
 20 30   M13       
 23 30   M57       
  2  0   M15       
  3  0   M31       
  3 30   Jupiter   
  5  0   Stop      
  6  6   Sunrise

Aug 19
 18 53   Sunset
 20  0   Saturn    
 20 30   M13       
 23 30   M57       
  1 30   M15       
  3  0   M31       
  3 30   Jupiter   
  5  0   Stop      
  6  7   Sunrise

Aug 20
 18 52   Sunset
 20  0   Saturn    
 20 30   M13       
 23 30   M57       
  1 30   M15       
  2 30   M31       
  3 30   Jupiter   
  5  0   Stop      
  6  7   Sunrise

Aug 21
 18 52   Sunset
 20  0   Saturn    
 20 30   M13       
 23 30   M57       
  1 30   M15       
  2 30   M31       
  3 30   Jupiter   
  5  0   Stop      
  6  7   Sunrise

Aug 22
 18 51   Sunset
 20  0   Moon      
 20 30   M13       
 23 30   M57       
  1 30   M15       
  2 30   M31       
  3 30   Jupiter   
  5  0   Stop      
  6  8   Sunrise

Aug 23
 18 50   Sunset
 20  0   Moon      
 21 30   M13       
 23 30   M57       
  1 30   M15       
  2 30   M31       
  3 30   Jupiter   
  5  0   Stop      
  6  8   Sunrise

Aug 24
 18 49   Sunset
 20  0   Moon      
 22  0   M13       
 23  0   M57       
  1 30   M15       
  2 30   M31       
  3 30   Jupiter   
  5  0   Stop      
  6  8   Sunrise

Aug 25
 18 48   Sunset
 20  0   Moon      
 23  0   M57       
  1 30   M15       
  2 30   M31       
  3  0   Jupiter   
  5  0   Stop      
  6  8   Sunrise

Aug 26
 18 48   Sunset
 20  0   Moon      
  0  0   M57       
  1 30   M15       
  2 30   M31       
  3  0   Jupiter   
  5  0   Stop      
  6  9   Sunrise

Aug 27
 18 47   Sunset
 20  0   Moon      
  1  0   M15       
  2 30   M31       
  3  0   Jupiter   
  5  0   Stop      
  6  9   Sunrise

Aug 28
 18 46   Sunset
 20  0   Moon      
  2  0   M31       
  3  0   Jupiter   
  5  0   Stop      
  6  9   Sunrise

Aug 29
 18 45   Sunset
 20  0   Moon      
  2  0   M31       
  3  0   Jupiter   
  5  0   Stop      
  6  9   Sunrise

Aug 30
 18 44   Sunset
 19 30   Moon      
  2  0   M31       
  3  0   Jupiter   
  5  0   Stop      
  6 10   Sunrise

Aug 31
 18 43   Sunset
 19 30   M13       
 20 30   Moon      
  2  0   M31       
  3  0   Jupiter   
  5  0   Stop      
  6 10   Sunrise

Sep  1
 18 42   Sunset
 19 30   M13       
 21  0   Moon      
  2  0   M31       
  3  0   Jupiter   
  5  0   Stop      
  6 10   Sunrise

Sep  2
 18 42   Sunset
 19 30   M13       
 22  0   Moon      
  5  0   Stop      
  6 10   Sunrise

Sep  3
 18 41   Sunset
 19 30   M13       
 22 30   Moon      
  5  0   Stop      
  6 11   Sunrise

Sep  4
 18 40   Sunset
 19 30   M13       
 22 30   M57       
 23 30   Moon      
  5  0   Stop      
  6 11   Sunrise

Sep  5
 18 39   Sunset
 19 30   M13       
 22 30   M57       
  0  0   Moon      
  5  0   Stop      
  6 11   Sunrise

Sep  6
 18 38   Sunset
 19 30   M13       
 22 30   M57       
  0 30   M15       
  1  0   Moon      
  5  0   Stop      
  6 11   Sunrise

Sep  7
 18 37   Sunset
 19 30   M13       
 22 30   M57       
  0 30   M15       
  1 30   Moon      
  5  0   Stop      
  6 12   Sunrise

Sep  8
 18 36   Sunset
 19 30   M13       
 22  0   M57       
  0 30   M15       
  1 30   M31       
  2 30   Moon      
  5  0   Stop      
  6 12   Sunrise

Sep  9
 18 35   Sunset
 19 30   M13       
 22  0   M57       
  0 30   M15       
  1 30   M31       
  2 30   Jupiter   
  3 30   Moon      
  5  0   Stop      
  6 12   Sunrise

Sep 10
 18 34   Sunset
 19 30   M13       
 22  0   M57       
  0 30   M15       
  1 30   M31       
  2 30   Jupiter   
  4  0   Moon      
  5  0   Stop      
  6 12   Sunrise

Sep 11
 18 33   Sunset
 19 30   M13       
 22  0   M57       
  0  0   M15       
  1 30   M31       
  2  0   Jupiter   
  5  0   Stop      
  6 13   Sunrise

Sep 12
 18 32   Sunset
 19 30   M13       
 22  0   M57       
  0  0   M15       
  1  0   M31       
  2  0   Jupiter   
  5  0   Stop      
  6 13   Sunrise

Sep 13
 18 31   Sunset
 19 30   M13       
 22  0   M57       
  0  0   M15       
  1  0   M31       
  2  0   Jupiter   
  5  0   Stop      
  6 13   Sunrise

Sep 14
 18 30   Sunset
 19 30   M13       
 22  0   M57       
  0  0   M15       
  1  0   M31       
  2  0   Jupiter   
  5  0   Stop      
  6 13   Sunrise

Sep 15
 18 30   Sunset
 19 30   M13       
 22  0   M57       
  0  0   M15       
  1  0   M31       
  2  0   Jupiter   
  5  0   Stop      
  6 14   Sunrise

Sep 16
 18 29   Sunset
 19 30   M13       
 21 30   M57       
  0  0   M15       
  1  0   M31       
  2  0   Jupiter   
  5  0   Stop      
  6 14   Sunrise

Sep 17
 18 28   Sunset
 19 30   M13       
 21 30   M57       
  0  0   M15       
  1  0   M31       
  2  0   Jupiter   
  5  0   Stop      
  6 14   Sunrise

Sep 18
 18 27   Sunset
 19 30   M13       
 21 30   M57       
  0  0   M15       
  1  0   M31       
  2  0   Jupiter   
  5  0   Stop      
  6 14   Sunrise

Sep 19
 18 26   Sunset
 19 30   M13       
 21 30   M57       
 23 30   M15       
  1  0   M31       
  1 30   Jupiter   
  5  0   Stop      
  6 14   Sunrise

Sep 20
 18 25   Sunset
 19 30   Moon      
 20  0   M13       
 21 30   M57       
 23 30   M15       
  0 30   M31       
  1 30   Jupiter   
  5  0   Stop      
  6 15   Sunrise

Sep 21
 18 20   Sunset
 19 30   Moon      
 21  0   M13       
 21 30   M57       
 23 30   M15       
  0 30   M31       
  1 30   Jupiter   
  5  0   Stop      
  6 11   Sunrise

Sep 22
 18 19   Sunset
 19 30   Moon      
 22  0   M57       
 23 30   M15       
  0 30   M31       
  1 30   Jupiter   
  5  0   Stop      
  6 11   Sunrise

Sep 23
 18 19   Sunset
 19 30   Moon      
 23  0   M57       
 23 30   M15       
  0 30   M31       
  1 30   Jupiter   
  5  0   Stop      
  6 11   Sunrise

Sep 24
 18 19   Sunset
 19 30   Moon      
  0  0   M15       
  0 30   M31       
  1 30   Jupiter   
  5  0   Stop      
  6 10   Sunrise

Sep 25
 18 19   Sunset
 19 30   Moon      
  0 30   M31       
  1 30   Jupiter   
  5  0   Stop      
  6  9   Sunrise

Sep 26
 18 15   Sunset
 19 30   Moon      
  0 30   M31       
  1 30   Jupiter   
  5  0   Stop      
  6 12   Sunrise

Sep 27
 18 14   Sunset
 19  0   Moon      
  0  0   M31       
  1  0   Jupiter   
  5  0   Stop      
  6 12   Sunrise

Sep 28
 18 13   Sunset
 19  0   Moon      
  0  0   M31       
  1  0   Jupiter   
  5  0   Stop      
  6 13   Sunrise

Sep 29
 18 12   Sunset
 19  0   M13       
 19 30   Moon      
  0  0   M31       
  1  0   Jupiter   
  5  0   Stop      
  6 13   Sunrise

Sep 30
 18 12   Sunset
 19  0   M13       
 20 30   Moon      
  5  0   Stop      
  6 13   Sunrise

Oct  1
 18 11   Sunset
 19  0   M13       
 20 30   M57       
 21  0   Moon      
  5  0   Stop      
  6 14   Sunrise

Oct  2
 18 10   Sunset
 19  0   M13       
 20 30   M57       
 22  0   Moon      
  5  0   Stop      
  6 14   Sunrise

Oct  3
 18  9   Sunset
 19  0   M13       
 20 30   M57       
 23  0   Moon      
  5  0   Stop      
  6 14   Sunrise

Oct  4
 18  8   Sunset
 19  0   M13       
 20 30   M57       
 22 30   M15       
 23 30   Moon      
  5  0   Stop      
  6 14   Sunrise

Oct  5
 18  7   Sunset
 19  0   M13       
 20 30   M57       
 22 30   M15       
 23 30   M31       
  0 30   Moon      
  5  0   Stop      
  6 15   Sunrise

Oct  6
 18  6   Sunset
 19  0   M13       
 20 30   M57       
 22 30   M15       
 23 30   M31       
  0 30   Jupiter   
  1  0   Moon      
  5  0   Stop      
  6 15   Sunrise

Oct  7
 18  5   Sunset
 19  0   M13       
 20 30   M57       
 22 30   M15       
 23 30   M31       
  0 30   Jupiter   
  2  0   Moon      
  5  0   Stop      
  6 15   Sunrise

Oct  8
 18  4   Sunset
 19  0   M13       
 20  0   M57       
 22 30   M15       
 23 30   M31       
  0 30   Jupiter   
  3  0   Moon      
  5 30   Stop      
  6 16   Sunrise

Oct  9
 18  4   Sunset
 19  0   M13       
 20  0   M57       
 22 30   M15       
 23 30   M31       
  0 30   Jupiter   
  3 30   Moon      
  5 30   Stop      
  6 16   Sunrise

Oct 10
 18  3   Sunset
 19  0   M13       
 20  0   M57       
 22 30   M15       
 23 30   M31       
  0 30   Jupiter   
  4 30   Moon      
  5 30   Stop      
  6 16   Sunrise

Oct 11
 18  2   Sunset
 19  0   M13       
 20  0   M57       
 22  0   M15       
 23 30   M31       
  0 30   Jupiter   
  5  0   Moon      
  5 30   Stop      
  6 16   Sunrise

Oct 12
 18  1   Sunset
 19  0   M13       
 20  0   M57       
 22  0   M15       
 23 30   M31       
  0 30   Jupiter   
  5 30   Stop      
  6 17   Sunrise

Oct 13
 18  0   Sunset
 19  0   M13       
 20  0   M57       
 22  0   M15       
 23  0   M31       
  0  0   Jupiter   
  5 30   Stop      
  6 17   Sunrise

Oct 14
 17 59   Sunset
 19  0   M13       
 20  0   M57       
 22  0   M15       
 23  0   M31       
  0  0   Jupiter   
  5 30   Stop      
  6 17   Sunrise

Oct 15
 17 59   Sunset
 19  0   M13       
 20  0   M57       
 22  0   M15       
 23  0   M31       
  0  0   Jupiter   
  5 30   Stop      
  6 18   Sunrise

Oct 16
 17 58   Sunset
 19  0   M13       
 19 30   M57       
 22  0   M15       
 23  0   M31       
  0  0   Jupiter   
  5 30   Stop      
  6 18   Sunrise

Oct 17
 17 57   Sunset
 19  0   M13       
 19 30   M57       
 22  0   M15       
 23  0   M31       
  0  0   Jupiter   
  5 30   Stop      
  6 19   Sunrise

Oct 18
 17 56   Sunset
 19  0   M13       
 19 30   M57       
 22  0   M15       
 23  0   M31       
  0  0   Jupiter   
  5 30   Stop      
  6 19   Sunrise

Oct 19
 17 55   Sunset
 19  0   Moon      
 20  0   M57       
 21 30   M15       
 23  0   M31       
  0  0   Jupiter   
  5 30   Stop      
  6 19   Sunrise

Oct 20
 17 55   Sunset
 19  0   Moon      
 21  0   M57       
 21 30   M15       
 22 30   M31       
 23 30   Jupiter   
  5 30   Stop      
  6 20   Sunrise

Oct 21
 17 54   Sunset
 19  0   Moon      
 22  0   M15       
 22 30   M31       
 23 30   Jupiter   
  5 30   Stop      
  6 20   Sunrise

Oct 22
 17 53   Sunset
 19  0   Moon      
 22 30   M31       
 23 30   Jupiter   
  5 30   Stop      
  6 20   Sunrise

Oct 23
 17 53   Sunset
 19  0   Moon      
 22 30   M31       
 23 30   Jupiter   
  5 30   Stop      
  6 21   Sunrise

Oct 24
 17 52   Sunset
 19  0   Moon      
 22 30   M31       
 23 30   Jupiter   
  5 30   Stop      
  6 21   Sunrise

Oct 25
 17 51   Sunset
 19  0   Moon      
 22 30   M31       
 23 30   Jupiter   
  5 30   Stop      
  6 22   Sunrise

Oct 26
 17 51   Sunset
 19  0   Moon      
 22 30   M31       
 23 30   Jupiter   
  5 30   Stop      
  6 22   Sunrise

Oct 27
 17 50   Sunset
 19  0   Moon      
  2 30   Jupiter   
  5 30   Stop      
  6 23   Sunrise

Oct 28
 17 49   Sunset
 19  0   Moon      
  3 30   Jupiter   
  5 30   Stop      
  6 23   Sunrise

Oct 29
 17 49   Sunset
 19  0   M57       
 20  0   Moon      
  4  0   Jupiter   
  5 30   Stop      
  6 24   Sunrise

Oct 30
 17 48   Sunset
 19  0   M57       
 20 30   Moon      
  5  0   Jupiter   
  5 30   Stop      
  6 24   Sunrise

Oct 31
 17 48   Sunset
 19  0   M57       
 21  0   M15       
 21 30   Moon      
  5 30   Stop      
  6 25   Sunrise

Nov  1
 17 47   Sunset
 19  0   M57       
 21  0   M15       
 22  0   M31       
 22 30   Moon      
  5 30   Stop      
  6 25   Sunrise

Nov  2
 17 46   Sunset
 19  0   M57       
 21  0   M15       
 22  0   M31       
 23  0   Moon      
  5 30   Stop      
  6 26   Sunrise

Nov  3
 17 46   Sunset
 19  0   M57       
 20 30   M15       
 22  0   M31       
 22 30   Jupiter   
  0  0   Moon      
  5 30   Stop      
  6 26   Sunrise

Nov  4
 17 45   Sunset
 19  0   M57       
 20 30   M15       
 22  0   M31       
 22 30   Jupiter   
  0 30   Moon      
  5 30   Stop      
  6 27   Sunrise

Nov  5
 17 45   Sunset
 19  0   M57       
 20 30   M15       
 21 30   M31       
 22 30   Jupiter   
  1 30   Moon      
  5 30   Stop      
  6 27   Sunrise

Nov  6
 17 44   Sunset
 18 30   M57       
 20 30   M15       
 21 30   M31       
 22 30   Jupiter   
  2  0   Moon      
  5 30   Stop      
  6 28   Sunrise

Nov  7
 17 44   Sunset
 18 30   M57       
 20 30   M15       
 21 30   M31       
 22 30   Jupiter   
  3  0   Moon      
  5 30   Stop      
  6 28   Sunrise

Nov  8
 17 44   Sunset
 18 30   M57       
 20 30   M15       
 21 30   M31       
 22 30   Jupiter   
  4  0   Moon      
  5 30   Stop      
  6 29   Sunrise

Nov  9
 17 43   Sunset
 18 30   M57       
 20 30   M15       
 21 30   M31       
 22 30   Jupiter   
  4 30   Moon      
  5 30   Stop      
  6 29   Sunrise

Nov 10
 17 43   Sunset
 18 30   M57       
 20 30   M15       
 21 30   M31       
 22  0   Jupiter   
  5 30   Stop      
  6 30   Sunrise

Nov 11
 17 42   Sunset
 18 30   M57       
 20  0   M15       
 21 30   M31       
 22  0   Jupiter   
  5 30   Stop      
  6 30   Sunrise

Nov 12
 17 42   Sunset
 18 30   M57       
 20  0   M15       
 21  0   M31       
 22  0   Jupiter   
  5 30   Stop      
  6 31   Sunrise

Nov 13
 17 42   Sunset
 18 30   M57       
 20  0   M15       
 21  0   M31       
 22  0   Jupiter   
  5 30   Stop      
  6 32   Sunrise

Nov 14
 17 41   Sunset
 18 30   M57       
 20  0   M15       
 21  0   M31       
 22  0   Jupiter   
  5 30   Stop      
  6 32   Sunrise

Nov 15
 17 41   Sunset
 18 30   M57       
 20  0   M15       
 21  0   M31       
 22  0   Jupiter   
  5 30   Stop      
  6 33   Sunrise

Nov 16
 17 41   Sunset
 18 30   M57       
 20  0   M15       
 21  0   M31       
 22  0   Jupiter   
  5 30   Stop      
  6 33   Sunrise

Nov 17
 17 41   Sunset
 18 30   Moon      
 19 30   M57       
 20  0   M15       
 21  0   M31       
 21 30   Jupiter   
  5 30   Stop      
  6 34   Sunrise

Nov 18
 17 41   Sunset
 18 30   Moon      
 20 30   M15       
 21  0   M31       
 21 30   Jupiter   
  5 30   Stop      
  6 35   Sunrise

Nov 19
 17 40   Sunset
 18 30   Moon      
 21  0   M31       
 21 30   Jupiter   
  5 30   Stop      
  6 35   Sunrise

Nov 20
 17 40   Sunset
 18 30   Moon      
 20 30   M31       
 21 30   Jupiter   
  5 30   Stop      
  6 36   Sunrise

Nov 21
 17 40   Sunset
 18 30   Moon      
 20 30   M31       
 21 30   Jupiter   
  5 30   Stop      
  6 36   Sunrise

Nov 22
 17 40   Sunset
 18 30   Moon      
 20 30   M31       
 21 30   Jupiter   
  5 30   Stop      
  6 37   Sunrise

Nov 23
 17 40   Sunset
 18 30   Moon      
  0 30   Jupiter   
  5 30   Stop      
  6 38   Sunrise

Nov 24
 17 40   Sunset
 18 30   Moon      
  1 30   Jupiter   
  5  0   M42       
  5 30   Stop      
  6 38   Sunrise

Nov 25
 17 40   Sunset
 18 30   Moon      
  2  0   Jupiter   
  5  0   M42       
  5 30   Stop      
  6 39   Sunrise

Nov 26
 17 40   Sunset
 18 30   Moon      
  3  0   Jupiter   
  5  0   M42       
  5 30   Stop      
  6 40   Sunrise

Nov 27
 17 40   Sunset
 18 30   M57       
 19  0   M15       
 19 30   Moon      
  3 30   Jupiter   
  5  0   M42       
  5 30   Stop      
  6 40   Sunrise

Nov 28
 17 40   Sunset
 18 30   M57       
 19  0   M15       
 20  0   Moon      
  4 30   Jupiter   
  5  0   M42       
  5 30   Stop      
  6 41   Sunrise

Nov 29
 17 40   Sunset
 18 30   M57       
 19  0   M15       
 20  0   M31       
 21  0   Moon      
  5 30   Stop      
  6 42   Sunrise

Nov 30
 17 40   Sunset
 18 30   M57       
 19  0   M15       
 20  0   M31       
 20 30   Jupiter   
 22  0   Moon      
  5 30   Stop      
  6 42   Sunrise

Dec  1
 17 40   Sunset
 18 30   M57       
 19  0   M15       
 20  0   M31       
 20 30   Jupiter   
 22 30   Moon      
  5 30   Stop      
  6 43   Sunrise

Dec  2
 17 40   Sunset
 18 30   M57       
 19  0   M15       
 20  0   M31       
 20 30   Jupiter   
 23 30   Moon      
  5 30   Stop      
  6 44   Sunrise

Dec  3
 17 40   Sunset
 18 30   M57       
 19  0   M15       
 20  0   M31       
 20 30   Jupiter   
  0  0   Moon      
  5 30   Stop      
  6 44   Sunrise

Dec  4
 17 40   Sunset
 18 30   M15       
 20  0   M31       
 20 30   Jupiter   
  1  0   Moon      
  5 30   Stop      
  6 45   Sunrise

Dec  5
 17 40   Sunset
 18 30   M15       
 19 30   M31       
 20 30   Jupiter   
  1 30   Moon      
  5 30   Stop      
  6 45   Sunrise

Dec  6
 17 41   Sunset
 18 30   M15       
 19 30   M31       
 20 30   Jupiter   
  2 30   Moon      
  6  0   Stop      
  6 46   Sunrise

Dec  7
 17 41   Sunset
 18 30   M15       
 19 30   M31       
 20  0   Jupiter   
  3  0   Moon      
  6  0   Stop      
  6 47   Sunrise

Dec  8
 17 41   Sunset
 18 30   M15       
 19 30   M31       
 20  0   Jupiter   
  4  0   Moon      
  6  0   Stop      
  6 47   Sunrise

Dec  9
 17 41   Sunset
 18 30   M15       
 19 30   M31       
 20  0   Jupiter   
  4  0   M42       
  5  0   Moon      
  6  0   Stop      
  6 48   Sunrise

Dec 10
 17 42   Sunset
 18 30   M15       
 19 30   M31       
 20  0   Jupiter   
  4  0   M42       
  5  0   M81       
  6  0   Stop      
  6 49   Sunrise

Dec 11
 17 42   Sunset
 18 30   M15       
 19 30   M31       
 20  0   Jupiter   
  4  0   M42       
  5  0   M81       
  5 30   Saturn    
  6  0   Stop      
  6 49   Sunrise

Dec 12
 17 42   Sunset
 18 30   M15       
 19 30   M31       
 20  0   Jupiter   
  4  0   M42       
  5  0   M81       
  5 30   Saturn    
  6  0   Stop      
  6 50   Sunrise

Dec 13
 17 43   Sunset
 18 30   M15       
 19  0   M31       
 19 30   Jupiter   
  3 30   M42       
  5  0   M81       
  5 30   Saturn    
  6  0   Stop      
  6 50   Sunrise

Dec 14
 17 43   Sunset
 18 30   M15       
 19  0   M31       
 19 30   Jupiter   
  3 30   M42       
  4 30   M81       
  5 30   Saturn    
  6  0   Stop      
  6 51   Sunrise

Dec 15
 17 43   Sunset
 18 30   M15       
 19  0   M31       
 19 30   Jupiter   
  3 30   M42       
  4 30   M81       
  5 30   Saturn    
  6  0   Stop      
  6 52   Sunrise

Dec 16
 17 44   Sunset
 18 30   Moon      
 19  0   M31       
 19 30   Jupiter   
  3 30   M42       
  4 30   M81       
  5 30   Saturn    
  6  0   Stop      
  6 52   Sunrise

Dec 17
 17 44   Sunset
 18 30   Moon      
 19  0   M31       
 19 30   Jupiter   
  3 30   M42       
  4 30   M81       
  5 30   Saturn    
  6  0   Stop      
  6 53   Sunrise

Dec 18
 17 45   Sunset
 19  0   M31       
 19 30   Jupiter   
  3 30   M42       
  4 30   M81       
  5 30   Saturn    
  6  0   Stop      
  6 53   Sunrise

Dec 19
 17 45   Sunset
 19  0   M31       
 19 30   Jupiter   
  3 30   M42       
  4 30   M81       
  5  0   Saturn    
  6  0   Stop      
  6 54   Sunrise

Dec 20
 17 45   Sunset
 19  0   Jupiter   
  3  0   M42       
  4 30   M81       
  5  0   Saturn    
  6  0   Stop      
  6 54   Sunrise

Dec 21
 17 46   Sunset
 19  0   Moon      
 23 30   Jupiter   
  3  0   M42       
  4  0   M81       
  5  0   Saturn    
  6  0   Stop      
  6 55   Sunrise

Dec 22
 17 46   Sunset
 19  0   Moon      
  0  0   Jupiter   
  3  0   M42       
  4  0   M81       
  5  0   Saturn    
  6  0   Stop      
  6 55   Sunrise

Dec 23
 17 47   Sunset
 19  0   Moon      
  1  0   Jupiter   
  3  0   M42       
  4  0   M81       
  5  0   Saturn    
  6  0   Stop      
  6 56   Sunrise

Dec 24
 17 48   Sunset
 19  0   Moon      
  1 30   Jupiter   
  3  0   M42       
  4  0   M81       
  5  0   Saturn    
  6  0   Stop      
  6 56   Sunrise

Dec 25
 17 48   Sunset
 19  0   Moon      
  2 30   Jupiter   
  3  0   M42       
  4  0   M81       
  5  0   Saturn    
  6  0   Stop      
  6 57   Sunrise

Dec 26
 17 49   Sunset
 19  0   Moon      
  3  0   M42       
  4  0   M81       
  5  0   Saturn    
  6  0   Stop      
  6 57   Sunrise

Dec 27
 17 49   Sunset
 19  0   Jupiter   
 19 30   Moon      
  4  0   M81       
  4 30   Saturn    
  6  0   Stop      
  6 58   Sunrise

Dec 28
 17 50   Sunset
 19  0   Jupiter   
 20 30   Moon      
  5  0   Saturn    
  6  0   Stop      
  6 58   Sunrise

Dec 29
 17 50   Sunset
 19  0   Jupiter   
 21 30   Moon      
  5 30   Saturn    
  6  0   Stop      
  6 58   Sunrise

Dec 30
 17 51   Sunset
 19  0   Jupiter   
 22  0   Moon      
  6  0   Stop      
  6 59   Sunrise

Dec 31
 17 52   Sunset
 19  0   Jupiter   
 23  0   Moon      
  6  0   Stop      
  6 59   Sunrise

